2025-04-22 02:08:13,318 - INFO - Fetching facts for 1/1
2025-04-22 02:08:13,326 - DEBUG - Starting new HTTPS connection (1): api.wikimedia.org:443
2025-04-22 02:08:13,860 - DEBUG - https://api.wikimedia.org:443 "GET /feed/v1/wikipedia/en/onthisday/all/1/1 HTTP/1.1" 404 187
2025-04-22 02:08:13,860 - ERROR - \u26a0\ufe0f Wikipedia API request failed: 404 Client Error: Not Found for url: https://api.wikimedia.org/feed/v1/wikipedia/en/onthisday/all/1/1
2025-04-22 02:08:13,876 - INFO - \u2705 C:\Users\tmulrenan\Desktop\Factbook Project\facts\unsorted\January_1_unsorted.json saved with 0 facts.
2025-04-22 02:08:13,886 - INFO - Fetching facts for 1/2
2025-04-22 02:08:13,886 - DEBUG - Starting new HTTPS connection (1): api.wikimedia.org:443
2025-04-22 02:08:14,780 - DEBUG - https://api.wikimedia.org:443 "GET /feed/v1/wikipedia/en/onthisday/all/1/2 HTTP/1.1" 404 187
2025-04-22 02:08:14,780 - ERROR - \u26a0\ufe0f Wikipedia API request failed: 404 Client Error: Not Found for url: https://api.wikimedia.org/feed/v1/wikipedia/en/onthisday/all/1/2
2025-04-22 02:08:14,788 - INFO - \u2705 C:\Users\tmulrenan\Desktop\Factbook Project\facts\unsorted\January_2_unsorted.json saved with 0 facts.
2025-04-22 02:08:14,791 - INFO - Fetching facts for 1/3
2025-04-22 02:08:14,791 - DEBUG - Starting new HTTPS connection (1): api.wikimedia.org:443
2025-04-22 02:08:15,388 - DEBUG - https://api.wikimedia.org:443 "GET /feed/v1/wikipedia/en/onthisday/all/1/3 HTTP/1.1" 404 187
2025-04-22 02:08:15,388 - ERROR - \u26a0\ufe0f Wikipedia API request failed: 404 Client Error: Not Found for url: https://api.wikimedia.org/feed/v1/wikipedia/en/onthisday/all/1/3
2025-04-22 02:08:15,409 - INFO - \u2705 C:\Users\tmulrenan\Desktop\Factbook Project\facts\unsorted\January_3_unsorted.json saved with 0 facts.
2025-04-22 02:08:15,409 - INFO - Fetching facts for 1/4
2025-04-22 02:08:15,409 - DEBUG - Starting new HTTPS connection (1): api.wikimedia.org:443
2025-04-22 02:08:15,783 - DEBUG - https://api.wikimedia.org:443 "GET /feed/v1/wikipedia/en/onthisday/all/1/4 HTTP/1.1" 404 187
2025-04-22 02:08:15,783 - ERROR - \u26a0\ufe0f Wikipedia API request failed: 404 Client Error: Not Found for url: https://api.wikimedia.org/feed/v1/wikipedia/en/onthisday/all/1/4
2025-04-22 02:08:15,792 - INFO - \u2705 C:\Users\tmulrenan\Desktop\Factbook Project\facts\unsorted\January_4_unsorted.json saved with 0 facts.
2025-04-22 02:08:15,792 - INFO - Fetching facts for 1/5
2025-04-22 02:08:15,792 - DEBUG - Starting new HTTPS connection (1): api.wikimedia.org:443
2025-04-22 02:08:16,284 - DEBUG - https://api.wikimedia.org:443 "GET /feed/v1/wikipedia/en/onthisday/all/1/5 HTTP/1.1" 404 187
2025-04-22 02:08:16,284 - ERROR - \u26a0\ufe0f Wikipedia API request failed: 404 Client Error: Not Found for url: https://api.wikimedia.org/feed/v1/wikipedia/en/onthisday/all/1/5
2025-04-22 02:08:16,300 - INFO - \u2705 C:\Users\tmulrenan\Desktop\Factbook Project\facts\unsorted\January_5_unsorted.json saved with 0 facts.
2025-04-22 02:08:16,300 - INFO - Fetching facts for 1/6
2025-04-22 02:08:16,300 - DEBUG - Starting new HTTPS connection (1): api.wikimedia.org:443
2025-04-22 02:08:16,733 - DEBUG - https://api.wikimedia.org:443 "GET /feed/v1/wikipedia/en/onthisday/all/1/6 HTTP/1.1" 404 187
2025-04-22 02:08:16,733 - ERROR - \u26a0\ufe0f Wikipedia API request failed: 404 Client Error: Not Found for url: https://api.wikimedia.org/feed/v1/wikipedia/en/onthisday/all/1/6
2025-04-22 02:08:16,739 - INFO - \u2705 C:\Users\tmulrenan\Desktop\Factbook Project\facts\unsorted\January_6_unsorted.json saved with 0 facts.
2025-04-22 02:08:16,739 - INFO - Fetching facts for 1/7
2025-04-22 02:08:16,739 - DEBUG - Starting new HTTPS connection (1): api.wikimedia.org:443
2025-04-22 02:08:17,342 - DEBUG - https://api.wikimedia.org:443 "GET /feed/v1/wikipedia/en/onthisday/all/1/7 HTTP/1.1" 404 187
2025-04-22 02:08:17,342 - ERROR - \u26a0\ufe0f Wikipedia API request failed: 404 Client Error: Not Found for url: https://api.wikimedia.org/feed/v1/wikipedia/en/onthisday/all/1/7
2025-04-22 02:08:17,350 - INFO - \u2705 C:\Users\tmulrenan\Desktop\Factbook Project\facts\unsorted\January_7_unsorted.json saved with 0 facts.
2025-04-22 02:08:17,352 - INFO - Fetching facts for 1/8
2025-04-22 02:08:17,352 - DEBUG - Starting new HTTPS connection (1): api.wikimedia.org:443
2025-04-22 02:08:17,817 - DEBUG - https://api.wikimedia.org:443 "GET /feed/v1/wikipedia/en/onthisday/all/1/8 HTTP/1.1" 404 187
2025-04-22 02:08:17,817 - ERROR - \u26a0\ufe0f Wikipedia API request failed: 404 Client Error: Not Found for url: https://api.wikimedia.org/feed/v1/wikipedia/en/onthisday/all/1/8
2025-04-22 02:08:17,832 - INFO - \u2705 C:\Users\tmulrenan\Desktop\Factbook Project\facts\unsorted\January_8_unsorted.json saved with 0 facts.
2025-04-22 02:08:17,832 - INFO - Fetching facts for 1/9
2025-04-22 02:08:17,832 - DEBUG - Starting new HTTPS connection (1): api.wikimedia.org:443
2025-04-22 02:08:18,574 - DEBUG - https://api.wikimedia.org:443 "GET /feed/v1/wikipedia/en/onthisday/all/1/9 HTTP/1.1" 404 187
2025-04-22 02:08:18,583 - ERROR - \u26a0\ufe0f Wikipedia API request failed: 404 Client Error: Not Found for url: https://api.wikimedia.org/feed/v1/wikipedia/en/onthisday/all/1/9
2025-04-22 02:08:18,583 - INFO - \u2705 C:\Users\tmulrenan\Desktop\Factbook Project\facts\unsorted\January_9_unsorted.json saved with 0 facts.
2025-04-22 02:08:18,583 - INFO - Fetching facts for 1/10
2025-04-22 02:08:18,589 - DEBUG - Starting new HTTPS connection (1): api.wikimedia.org:443
2025-04-22 02:08:19,021 - DEBUG - https://api.wikimedia.org:443 "GET /feed/v1/wikipedia/en/onthisday/all/1/10 HTTP/1.1" 404 188
2025-04-22 02:08:19,021 - ERROR - \u26a0\ufe0f Wikipedia API request failed: 404 Client Error: Not Found for url: https://api.wikimedia.org/feed/v1/wikipedia/en/onthisday/all/1/10
2025-04-22 02:08:19,021 - INFO - \u2705 C:\Users\tmulrenan\Desktop\Factbook Project\facts\unsorted\January_10_unsorted.json saved with 0 facts.
2025-04-22 02:08:19,021 - INFO - Fetching facts for 1/11
2025-04-22 02:08:19,021 - DEBUG - Starting new HTTPS connection (1): api.wikimedia.org:443
2025-04-22 02:08:20,004 - DEBUG - https://api.wikimedia.org:443 "GET /feed/v1/wikipedia/en/onthisday/all/1/11 HTTP/1.1" 404 188
2025-04-22 02:08:20,004 - ERROR - \u26a0\ufe0f Wikipedia API request failed: 404 Client Error: Not Found for url: https://api.wikimedia.org/feed/v1/wikipedia/en/onthisday/all/1/11
2025-04-22 02:08:20,004 - INFO - \u2705 C:\Users\tmulrenan\Desktop\Factbook Project\facts\unsorted\January_11_unsorted.json saved with 0 facts.
2025-04-22 02:08:20,004 - INFO - Fetching facts for 1/12
2025-04-22 02:08:20,004 - DEBUG - Starting new HTTPS connection (1): api.wikimedia.org:443
2025-04-22 02:08:20,624 - DEBUG - https://api.wikimedia.org:443 "GET /feed/v1/wikipedia/en/onthisday/all/1/12 HTTP/1.1" 404 188
2025-04-22 02:08:20,626 - ERROR - \u26a0\ufe0f Wikipedia API request failed: 404 Client Error: Not Found for url: https://api.wikimedia.org/feed/v1/wikipedia/en/onthisday/all/1/12
2025-04-22 02:08:20,629 - INFO - \u2705 C:\Users\tmulrenan\Desktop\Factbook Project\facts\unsorted\January_12_unsorted.json saved with 0 facts.
2025-04-22 02:08:20,629 - INFO - Fetching facts for 1/13
2025-04-22 02:08:20,629 - DEBUG - Starting new HTTPS connection (1): api.wikimedia.org:443
2025-04-22 02:08:21,200 - DEBUG - https://api.wikimedia.org:443 "GET /feed/v1/wikipedia/en/onthisday/all/1/13 HTTP/1.1" 404 188
2025-04-22 02:08:21,200 - ERROR - \u26a0\ufe0f Wikipedia API request failed: 404 Client Error: Not Found for url: https://api.wikimedia.org/feed/v1/wikipedia/en/onthisday/all/1/13
2025-04-22 02:08:21,216 - INFO - \u2705 C:\Users\tmulrenan\Desktop\Factbook Project\facts\unsorted\January_13_unsorted.json saved with 0 facts.
2025-04-22 02:08:21,216 - INFO - Fetching facts for 1/14
2025-04-22 02:08:21,216 - DEBUG - Starting new HTTPS connection (1): api.wikimedia.org:443
2025-04-22 02:08:21,963 - DEBUG - https://api.wikimedia.org:443 "GET /feed/v1/wikipedia/en/onthisday/all/1/14 HTTP/1.1" 404 188
2025-04-22 02:08:21,963 - ERROR - \u26a0\ufe0f Wikipedia API request failed: 404 Client Error: Not Found for url: https://api.wikimedia.org/feed/v1/wikipedia/en/onthisday/all/1/14
2025-04-22 02:08:21,975 - INFO - \u2705 C:\Users\tmulrenan\Desktop\Factbook Project\facts\unsorted\January_14_unsorted.json saved with 0 facts.
2025-04-22 02:08:21,979 - INFO - Fetching facts for 1/15
2025-04-22 02:08:21,979 - DEBUG - Starting new HTTPS connection (1): api.wikimedia.org:443
2025-04-22 02:08:22,376 - DEBUG - https://api.wikimedia.org:443 "GET /feed/v1/wikipedia/en/onthisday/all/1/15 HTTP/1.1" 404 188
2025-04-22 02:08:22,376 - ERROR - \u26a0\ufe0f Wikipedia API request failed: 404 Client Error: Not Found for url: https://api.wikimedia.org/feed/v1/wikipedia/en/onthisday/all/1/15
2025-04-22 02:08:22,381 - INFO - \u2705 C:\Users\tmulrenan\Desktop\Factbook Project\facts\unsorted\January_15_unsorted.json saved with 0 facts.
2025-04-22 02:08:22,381 - INFO - Fetching facts for 1/16
2025-04-22 02:08:22,384 - DEBUG - Starting new HTTPS connection (1): api.wikimedia.org:443
2025-04-22 02:08:22,974 - DEBUG - https://api.wikimedia.org:443 "GET /feed/v1/wikipedia/en/onthisday/all/1/16 HTTP/1.1" 404 188
2025-04-22 02:08:22,978 - ERROR - \u26a0\ufe0f Wikipedia API request failed: 404 Client Error: Not Found for url: https://api.wikimedia.org/feed/v1/wikipedia/en/onthisday/all/1/16
2025-04-22 02:08:22,981 - INFO - \u2705 C:\Users\tmulrenan\Desktop\Factbook Project\facts\unsorted\January_16_unsorted.json saved with 0 facts.
2025-04-22 02:08:22,981 - INFO - Fetching facts for 1/17
2025-04-22 02:08:22,981 - DEBUG - Starting new HTTPS connection (1): api.wikimedia.org:443
