2025-04-22 08:38:02,283 - INFO - \U0001f50d Processing: January 1
2025-04-22 08:38:02,283 - INFO - \U0001f7e1 January 1 - Already exists, 358 facts
2025-04-22 08:38:02,283 - INFO - \U0001f50d Processing: January 2
2025-04-22 08:38:02,283 - INFO - \U0001f7e1 January 2 - Already exists, 170 facts
2025-04-22 08:38:02,283 - INFO - \U0001f50d Processing: January 3
2025-04-22 08:38:02,283 - INFO - \U0001f7e1 January 3 - Already exists, 249 facts
2025-04-22 08:38:02,283 - INFO - \U0001f50d Processing: January 4
2025-04-22 08:38:02,283 - INFO - \U0001f7e1 January 4 - Already exists, 215 facts
2025-04-22 08:38:02,283 - INFO - \U0001f50d Processing: January 5
2025-04-22 08:38:02,283 - INFO - \U0001f7e1 January 5 - Already exists, 224 facts
2025-04-22 08:38:02,283 - INFO - \U0001f50d Processing: January 6
2025-04-22 08:38:02,283 - INFO - \U0001f7e1 January 6 - Already exists, 237 facts
2025-04-22 08:38:02,283 - INFO - \U0001f50d Processing: January 7
2025-04-22 08:38:02,283 - INFO - \U0001f7e1 January 7 - Already exists, 206 facts
2025-04-22 08:38:02,283 - INFO - \U0001f50d Processing: January 8
2025-04-22 08:38:02,283 - INFO - \U0001f7e1 January 8 - Already exists, 218 facts
2025-04-22 08:38:02,283 - INFO - \U0001f50d Processing: January 9
2025-04-22 08:38:02,283 - INFO - \U0001f7e1 January 9 - Already exists, 221 facts
2025-04-22 08:38:02,295 - INFO - \U0001f50d Processing: January 10
2025-04-22 08:38:02,295 - INFO - \U0001f7e1 January 10 - Already exists, 228 facts
2025-04-22 08:38:02,295 - INFO - \U0001f50d Processing: January 11
2025-04-22 08:38:02,295 - INFO - \U0001f7e1 January 11 - Already exists, 272 facts
2025-04-22 08:38:02,295 - INFO - \U0001f50d Processing: January 12
2025-04-22 08:38:02,295 - INFO - \U0001f7e1 January 12 - Already exists, 279 facts
2025-04-22 08:38:02,295 - INFO - \U0001f50d Processing: January 13
2025-04-22 08:38:02,295 - INFO - \U0001f7e1 January 13 - Already exists, 263 facts
2025-04-22 08:38:02,295 - INFO - \U0001f50d Processing: January 14
2025-04-22 08:38:02,295 - INFO - \U0001f7e1 January 14 - Already exists, 277 facts
2025-04-22 08:38:02,295 - INFO - \U0001f50d Processing: January 15
2025-04-22 08:38:02,295 - INFO - \U0001f7e1 January 15 - Already exists, 261 facts
2025-04-22 08:38:02,295 - INFO - \U0001f50d Processing: January 16
2025-04-22 08:38:02,295 - INFO - \U0001f7e1 January 16 - Already exists, 258 facts
2025-04-22 08:38:02,295 - INFO - \U0001f50d Processing: January 17
2025-04-22 08:38:02,295 - INFO - \U0001f7e1 January 17 - Already exists, 285 facts
2025-04-22 08:38:02,295 - INFO - \U0001f50d Processing: January 18
2025-04-22 08:38:02,295 - INFO - \U0001f7e1 January 18 - Already exists, 285 facts
2025-04-22 08:38:02,295 - INFO - \U0001f50d Processing: January 19
2025-04-22 08:38:02,295 - INFO - \U0001f7e1 January 19 - Already exists, 269 facts
2025-04-22 08:38:02,295 - INFO - \U0001f50d Processing: January 20
2025-04-22 08:38:02,295 - INFO - \U0001f7e1 January 20 - Already exists, 243 facts
2025-04-22 08:38:02,295 - INFO - \U0001f50d Processing: January 21
2025-04-22 08:38:02,295 - INFO - \U0001f7e1 January 21 - Already exists, 471 facts
2025-04-22 08:38:02,295 - INFO - \U0001f50d Processing: January 22
2025-04-22 08:38:02,295 - INFO - \U0001f7e1 January 22 - Already exists, 253 facts
2025-04-22 08:38:02,295 - INFO - \U0001f50d Processing: January 23
2025-04-22 08:38:02,295 - INFO - \U0001f7e1 January 23 - Already exists, 237 facts
2025-04-22 08:38:02,295 - INFO - \U0001f50d Processing: January 24
2025-04-22 08:38:02,295 - INFO - \U0001f7e1 January 24 - Already exists, 288 facts
2025-04-22 08:38:02,295 - INFO - \U0001f50d Processing: January 25
2025-04-22 08:38:02,295 - INFO - \U0001f7e1 January 25 - Already exists, 237 facts
2025-04-22 08:38:02,295 - INFO - \U0001f50d Processing: January 26
2025-04-22 08:38:02,295 - INFO - \U0001f7e1 January 26 - Already exists, 241 facts
2025-04-22 08:38:02,295 - INFO - \U0001f50d Processing: January 27
2025-04-22 08:38:02,295 - INFO - \U0001f7e1 January 27 - Already exists, 222 facts
2025-04-22 08:38:02,295 - INFO - \U0001f50d Processing: January 28
2025-04-22 08:38:02,295 - INFO - \U0001f7e1 January 28 - Already exists, 242 facts
2025-04-22 08:38:02,295 - INFO - \U0001f50d Processing: January 29
2025-04-22 08:38:02,295 - INFO - \U0001f7e1 January 29 - Already exists, 186 facts
2025-04-22 08:38:02,311 - INFO - \U0001f50d Processing: January 30
2025-04-22 08:38:02,311 - INFO - \U0001f7e1 January 30 - Already exists, 193 facts
2025-04-22 08:38:02,311 - INFO - \U0001f50d Processing: January 31
2025-04-22 08:38:02,311 - INFO - \U0001f7e1 January 31 - Already exists, 221 facts
2025-04-22 08:38:02,311 - INFO - \U0001f50d Processing: February 1
2025-04-22 08:38:02,311 - INFO - \U0001f7e1 February 1 - Already exists, 233 facts
2025-04-22 08:38:02,311 - INFO - \U0001f50d Processing: February 2
2025-04-22 08:38:02,311 - INFO - \U0001f7e1 February 2 - Already exists, 367 facts
2025-04-22 08:38:02,311 - INFO - \U0001f50d Processing: February 3
2025-04-22 08:38:02,311 - INFO - \U0001f7e1 February 3 - Already exists, 192 facts
2025-04-22 08:38:02,311 - INFO - \U0001f50d Processing: February 4
2025-04-22 08:38:02,311 - INFO - \U0001f7e1 February 4 - Already exists, 184 facts
2025-04-22 08:38:02,311 - INFO - \U0001f50d Processing: February 5
2025-04-22 08:38:02,311 - INFO - \U0001f7e1 February 5 - Already exists, 259 facts
2025-04-22 08:38:02,311 - INFO - \U0001f50d Processing: February 6
2025-04-22 08:38:02,311 - INFO - \U0001f7e1 February 6 - Already exists, 293 facts
2025-04-22 08:38:02,311 - INFO - \U0001f50d Processing: February 7
2025-04-22 08:38:02,311 - INFO - \U0001f7e1 February 7 - Already exists, 209 facts
2025-04-22 08:38:02,311 - INFO - \U0001f50d Processing: February 8
2025-04-22 08:38:02,311 - INFO - \U0001f7e1 February 8 - Already exists, 198 facts
2025-04-22 08:38:02,311 - INFO - \U0001f50d Processing: February 9
2025-04-22 08:38:02,311 - INFO - \U0001f7e1 February 9 - Already exists, 279 facts
2025-04-22 08:38:02,311 - INFO - \U0001f50d Processing: February 10
2025-04-22 08:38:02,311 - INFO - \U0001f7e1 February 10 - Already exists, 230 facts
2025-04-22 08:38:02,311 - INFO - \U0001f50d Processing: February 11
2025-04-22 08:38:02,311 - INFO - \U0001f7e1 February 11 - Already exists, 214 facts
2025-04-22 08:38:02,311 - INFO - \U0001f50d Processing: February 12
2025-04-22 08:38:02,326 - INFO - \U0001f7e1 February 12 - Already exists, 248 facts
2025-04-22 08:38:02,326 - INFO - \U0001f50d Processing: February 13
2025-04-22 08:38:02,326 - INFO - \U0001f7e1 February 13 - Already exists, 228 facts
2025-04-22 08:38:02,326 - INFO - \U0001f50d Processing: February 14
2025-04-22 08:38:02,326 - INFO - \U0001f7e1 February 14 - Already exists, 262 facts
2025-04-22 08:38:02,326 - INFO - \U0001f50d Processing: February 15
2025-04-22 08:38:02,326 - INFO - \U0001f7e1 February 15 - Already exists, 230 facts
2025-04-22 08:38:02,326 - INFO - \U0001f50d Processing: February 16
2025-04-22 08:38:02,326 - INFO - \U0001f7e1 February 16 - Already exists, 224 facts
2025-04-22 08:38:02,326 - INFO - \U0001f50d Processing: February 17
2025-04-22 08:38:02,326 - INFO - \U0001f7e1 February 17 - Already exists, 210 facts
2025-04-22 08:38:02,326 - INFO - \U0001f50d Processing: February 18
2025-04-22 08:38:02,326 - INFO - \U0001f7e1 February 18 - Already exists, 166 facts
2025-04-22 08:38:02,326 - INFO - \U0001f50d Processing: February 19
2025-04-22 08:38:02,326 - INFO - \U0001f7e1 February 19 - Already exists, 226 facts
2025-04-22 08:38:02,326 - INFO - \U0001f50d Processing: February 20
2025-04-22 08:38:02,326 - INFO - \U0001f7e1 February 20 - Already exists, 229 facts
2025-04-22 08:38:02,326 - INFO - \U0001f50d Processing: February 21
2025-04-22 08:38:02,326 - INFO - \U0001f7e1 February 21 - Already exists, 198 facts
2025-04-22 08:38:02,326 - INFO - \U0001f50d Processing: February 22
2025-04-22 08:38:02,326 - INFO - \U0001f7e1 February 22 - Already exists, 231 facts
2025-04-22 08:38:02,326 - INFO - \U0001f50d Processing: February 23
2025-04-22 08:38:02,326 - INFO - \U0001f7e1 February 23 - Already exists, 207 facts
2025-04-22 08:38:02,326 - INFO - \U0001f50d Processing: February 24
2025-04-22 08:38:02,326 - INFO - \U0001f7e1 February 24 - Already exists, 256 facts
2025-04-22 08:38:02,326 - INFO - \U0001f50d Processing: February 25
2025-04-22 08:38:02,326 - INFO - \U0001f7e1 February 25 - Already exists, 170 facts
2025-04-22 08:38:02,326 - INFO - \U0001f50d Processing: February 26
2025-04-22 08:38:02,342 - INFO - \U0001f7e1 February 26 - Already exists, 222 facts
2025-04-22 08:38:02,342 - INFO - \U0001f50d Processing: February 27
2025-04-22 08:38:02,342 - INFO - \U0001f7e1 February 27 - Already exists, 270 facts
2025-04-22 08:38:02,342 - INFO - \U0001f50d Processing: February 28
2025-04-22 08:38:02,342 - INFO - \U0001f7e1 February 28 - Already exists, 178 facts
2025-04-22 08:38:02,342 - INFO - \U0001f50d Processing: February 29
2025-04-22 08:38:02,342 - INFO - \U0001f7e1 February 29 - Already exists, 156 facts
2025-04-22 08:38:02,342 - INFO - \U0001f50d Processing: March 1
2025-04-22 08:38:02,342 - INFO - \U0001f7e1 March 1 - Already exists, 231 facts
2025-04-22 08:38:02,342 - INFO - \U0001f50d Processing: March 2
2025-04-22 08:38:02,350 - INFO - \U0001f7e1 March 2 - Already exists, 260 facts
2025-04-22 08:38:02,350 - INFO - \U0001f50d Processing: March 3
2025-04-22 08:38:02,350 - INFO - \U0001f7e1 March 3 - Already exists, 219 facts
2025-04-22 08:38:02,350 - INFO - \U0001f50d Processing: March 4
2025-04-22 08:38:02,350 - INFO - \U0001f7e1 March 4 - Already exists, 484 facts
2025-04-22 08:38:02,350 - INFO - \U0001f50d Processing: March 5
2025-04-22 08:38:02,350 - INFO - \U0001f7e1 March 5 - Already exists, 300 facts
2025-04-22 08:38:02,350 - INFO - \U0001f50d Processing: March 6
2025-04-22 08:38:02,350 - INFO - \U0001f7e1 March 6 - Already exists, 248 facts
2025-04-22 08:38:02,350 - INFO - \U0001f50d Processing: March 7
2025-04-22 08:38:02,350 - INFO - \U0001f7e1 March 7 - Already exists, 156 facts
2025-04-22 08:38:02,356 - INFO - \U0001f50d Processing: March 8
2025-04-22 08:38:02,356 - INFO - \U0001f7e1 March 8 - Already exists, 169 facts
2025-04-22 08:38:02,356 - INFO - \U0001f50d Processing: March 9
2025-04-22 08:38:02,356 - INFO - \U0001f7e1 March 9 - Already exists, 204 facts
2025-04-22 08:38:02,356 - INFO - \U0001f50d Processing: March 10
2025-04-22 08:38:02,359 - INFO - \U0001f7e1 March 10 - Already exists, 206 facts
2025-04-22 08:38:02,359 - INFO - \U0001f50d Processing: March 11
2025-04-22 08:38:02,359 - INFO - \U0001f7e1 March 11 - Already exists, 174 facts
2025-04-22 08:38:02,359 - INFO - \U0001f50d Processing: March 12
2025-04-22 08:38:02,359 - INFO - \U0001f7e1 March 12 - Already exists, 313 facts
2025-04-22 08:38:02,359 - INFO - \U0001f50d Processing: March 13
2025-04-22 08:38:02,359 - INFO - \U0001f7e1 March 13 - Already exists, 201 facts
2025-04-22 08:38:02,359 - INFO - \U0001f50d Processing: March 14
2025-04-22 08:38:02,359 - INFO - \U0001f7e1 March 14 - Already exists, 206 facts
2025-04-22 08:38:02,359 - INFO - \U0001f50d Processing: March 15
2025-04-22 08:38:02,359 - INFO - \U0001f7e1 March 15 - Already exists, 216 facts
2025-04-22 08:38:02,359 - INFO - \U0001f50d Processing: March 16
2025-04-22 08:38:02,359 - INFO - \U0001f7e1 March 16 - Already exists, 373 facts
2025-04-22 08:38:02,359 - INFO - \U0001f50d Processing: March 17
2025-04-22 08:38:02,359 - INFO - \U0001f7e1 March 17 - Already exists, 232 facts
2025-04-22 08:38:02,359 - INFO - \U0001f50d Processing: March 18
2025-04-22 08:38:02,359 - INFO - \U0001f7e1 March 18 - Already exists, 302 facts
2025-04-22 08:38:02,359 - INFO - \U0001f50d Processing: March 19
2025-04-22 08:38:02,359 - INFO - \U0001f7e1 March 19 - Already exists, 211 facts
2025-04-22 08:38:02,359 - INFO - \U0001f50d Processing: March 20
2025-04-22 08:38:02,359 - INFO - \U0001f7e1 March 20 - Already exists, 263 facts
2025-04-22 08:38:02,359 - INFO - \U0001f50d Processing: March 21
2025-04-22 08:38:02,359 - INFO - \U0001f7e1 March 21 - Already exists, 328 facts
2025-04-22 08:38:02,359 - INFO - \U0001f50d Processing: March 22
2025-04-22 08:38:02,359 - INFO - \U0001f7e1 March 22 - Already exists, 280 facts
2025-04-22 08:38:02,359 - INFO - \U0001f50d Processing: March 23
2025-04-22 08:38:02,374 - INFO - \U0001f7e1 March 23 - Already exists, 280 facts
2025-04-22 08:38:02,374 - INFO - \U0001f50d Processing: March 24
2025-04-22 08:38:02,374 - INFO - \U0001f7e1 March 24 - Already exists, 297 facts
2025-04-22 08:38:02,374 - INFO - \U0001f50d Processing: March 25
2025-04-22 08:38:02,374 - INFO - \U0001f7e1 March 25 - Already exists, 281 facts
2025-04-22 08:38:02,374 - INFO - \U0001f50d Processing: March 26
2025-04-22 08:38:02,374 - INFO - \U0001f7e1 March 26 - Already exists, 293 facts
2025-04-22 08:38:02,374 - INFO - \U0001f50d Processing: March 27
2025-04-22 08:38:02,374 - INFO - \U0001f7e1 March 27 - Already exists, 302 facts
2025-04-22 08:38:02,374 - INFO - \U0001f50d Processing: March 28
2025-04-22 08:38:02,374 - INFO - \U0001f7e1 March 28 - Already exists, 195 facts
2025-04-22 08:38:02,374 - INFO - \U0001f50d Processing: March 29
2025-04-22 08:38:02,383 - INFO - \U0001f7e1 March 29 - Already exists, 217 facts
2025-04-22 08:38:02,383 - INFO - \U0001f50d Processing: March 30
2025-04-22 08:38:02,383 - INFO - \U0001f7e1 March 30 - Already exists, 233 facts
2025-04-22 08:38:02,383 - INFO - \U0001f50d Processing: March 31
2025-04-22 08:38:02,383 - INFO - \U0001f7e1 March 31 - Already exists, 346 facts
2025-04-22 08:38:02,383 - INFO - \U0001f50d Processing: April 1
2025-04-22 08:38:02,383 - INFO - \U0001f7e1 April 1 - Already exists, 247 facts
2025-04-22 08:38:02,383 - INFO - \U0001f50d Processing: April 2
2025-04-22 08:38:02,383 - INFO - \U0001f7e1 April 2 - Already exists, 253 facts
2025-04-22 08:38:02,383 - INFO - \U0001f50d Processing: April 3
2025-04-22 08:38:02,383 - INFO - \U0001f7e1 April 3 - Already exists, 282 facts
2025-04-22 08:38:02,383 - INFO - \U0001f50d Processing: April 4
2025-04-22 08:38:02,383 - INFO - \U0001f7e1 April 4 - Already exists, 338 facts
2025-04-22 08:38:02,383 - INFO - \U0001f50d Processing: April 5
2025-04-22 08:38:02,383 - INFO - \U0001f7e1 April 5 - Already exists, 582 facts
2025-04-22 08:38:02,383 - INFO - \U0001f50d Processing: April 6
2025-04-22 08:38:02,383 - INFO - \U0001f7e1 April 6 - Already exists, 305 facts
2025-04-22 08:38:02,383 - INFO - \U0001f50d Processing: April 7
2025-04-22 08:38:02,390 - INFO - \U0001f7e1 April 7 - Already exists, 322 facts
2025-04-22 08:38:02,390 - INFO - \U0001f50d Processing: April 8
2025-04-22 08:38:02,390 - INFO - \U0001f7e1 April 8 - Already exists, 262 facts
2025-04-22 08:38:02,390 - INFO - \U0001f50d Processing: April 9
2025-04-22 08:38:02,390 - INFO - \U0001f7e1 April 9 - Already exists, 287 facts
2025-04-22 08:38:02,390 - INFO - \U0001f50d Processing: April 10
2025-04-22 08:38:02,390 - INFO - \U0001f7e1 April 10 - Already exists, 288 facts
2025-04-22 08:38:02,390 - INFO - \U0001f50d Processing: April 11
2025-04-22 08:38:02,390 - INFO - \U0001f7e1 April 11 - Already exists, 260 facts
2025-04-22 08:38:02,390 - INFO - \U0001f50d Processing: April 12
2025-04-22 08:38:02,390 - INFO - \U0001f7e1 April 12 - Already exists, 288 facts
2025-04-22 08:38:02,390 - INFO - \U0001f50d Processing: April 13
2025-04-22 08:38:02,390 - INFO - \U0001f7e1 April 13 - Already exists, 227 facts
2025-04-22 08:38:02,390 - INFO - \U0001f50d Processing: April 14
2025-04-22 08:38:02,390 - INFO - \U0001f7e1 April 14 - Already exists, 269 facts
2025-04-22 08:38:02,390 - INFO - \U0001f50d Processing: April 15
2025-04-22 08:38:02,390 - INFO - \U0001f7e1 April 15 - Already exists, 279 facts
2025-04-22 08:38:02,390 - INFO - \U0001f50d Processing: April 16
2025-04-22 08:38:02,390 - INFO - \U0001f7e1 April 16 - Already exists, 247 facts
2025-04-22 08:38:02,390 - INFO - \U0001f50d Processing: April 17
2025-04-22 08:38:02,390 - INFO - \U0001f7e1 April 17 - Already exists, 244 facts
2025-04-22 08:38:02,390 - INFO - \U0001f50d Processing: April 18
2025-04-22 08:38:02,390 - INFO - \U0001f7e1 April 18 - Already exists, 166 facts
2025-04-22 08:38:02,390 - INFO - \U0001f50d Processing: April 19
2025-04-22 08:38:02,390 - INFO - \U0001f7e1 April 19 - Already exists, 153 facts
2025-04-22 08:38:02,390 - INFO - \U0001f50d Processing: April 20
2025-04-22 08:38:02,390 - INFO - \U0001f7e1 April 20 - Already exists, 182 facts
2025-04-22 08:38:02,390 - INFO - \U0001f50d Processing: April 21
2025-04-22 08:38:02,390 - INFO - \U0001f7e1 April 21 - Already exists, 189 facts
2025-04-22 08:38:02,390 - INFO - \U0001f50d Processing: April 22
2025-04-22 08:38:02,390 - INFO - \U0001f7e1 April 22 - Already exists, 169 facts
2025-04-22 08:38:02,390 - INFO - \U0001f50d Processing: April 23
2025-04-22 08:38:02,410 - INFO - \U0001f7e1 April 23 - Already exists, 253 facts
2025-04-22 08:38:02,410 - INFO - \U0001f50d Processing: April 24
2025-04-22 08:38:02,410 - INFO - \U0001f7e1 April 24 - Already exists, 231 facts
2025-04-22 08:38:02,410 - INFO - \U0001f50d Processing: April 25
2025-04-22 08:38:02,410 - INFO - \U0001f7e1 April 25 - Already exists, 241 facts
2025-04-22 08:38:02,410 - INFO - \U0001f50d Processing: April 26
2025-04-22 08:38:02,410 - INFO - \U0001f7e1 April 26 - Already exists, 222 facts
2025-04-22 08:38:02,410 - INFO - \U0001f50d Processing: April 27
2025-04-22 08:38:02,410 - INFO - \U0001f7e1 April 27 - Already exists, 209 facts
2025-04-22 08:38:02,410 - INFO - \U0001f50d Processing: April 28
2025-04-22 08:38:02,410 - INFO - \U0001f7e1 April 28 - Already exists, 215 facts
2025-04-22 08:38:02,410 - INFO - \U0001f50d Processing: April 29
2025-04-22 08:38:02,410 - INFO - \U0001f7e1 April 29 - Already exists, 205 facts
2025-04-22 08:38:02,410 - INFO - \U0001f50d Processing: April 30
2025-04-22 08:38:02,415 - INFO - \U0001f7e1 April 30 - Already exists, 237 facts
2025-04-22 08:38:02,415 - INFO - \U0001f50d Processing: May 1
2025-04-22 08:38:02,415 - INFO - \U0001f7e1 May 1 - Already exists, 221 facts
2025-04-22 08:38:02,415 - INFO - \U0001f50d Processing: May 2
2025-04-22 08:38:02,415 - INFO - \U0001f7e1 May 2 - Already exists, 203 facts
2025-04-22 08:38:02,415 - INFO - \U0001f50d Processing: May 3
2025-04-22 08:38:02,415 - INFO - \U0001f7e1 May 3 - Already exists, 206 facts
2025-04-22 08:38:02,415 - INFO - \U0001f50d Processing: May 4
2025-04-22 08:38:02,415 - INFO - \U0001f7e1 May 4 - Already exists, 149 facts
2025-04-22 08:38:02,415 - INFO - \U0001f50d Processing: May 5
2025-04-22 08:38:02,415 - INFO - \U0001f7e1 May 5 - Already exists, 180 facts
2025-04-22 08:38:02,415 - INFO - \U0001f50d Processing: May 6
2025-04-22 08:38:02,415 - INFO - \U0001f7e1 May 6 - Already exists, 179 facts
2025-04-22 08:38:02,415 - INFO - \U0001f50d Processing: May 7
2025-04-22 08:38:02,415 - INFO - \U0001f7e1 May 7 - Already exists, 163 facts
2025-04-22 08:38:02,415 - INFO - \U0001f50d Processing: May 8
2025-04-22 08:38:02,415 - INFO - \U0001f7e1 May 8 - Already exists, 198 facts
2025-04-22 08:38:02,422 - INFO - \U0001f50d Processing: May 9
2025-04-22 08:38:02,422 - INFO - \U0001f7e1 May 9 - Already exists, 133 facts
2025-04-22 08:38:02,422 - INFO - \U0001f50d Processing: May 10
2025-04-22 08:38:02,422 - INFO - \U0001f7e1 May 10 - Already exists, 140 facts
2025-04-22 08:38:02,422 - INFO - \U0001f50d Processing: May 11
2025-04-22 08:38:02,422 - INFO - \U0001f7e1 May 11 - Already exists, 128 facts
2025-04-22 08:38:02,422 - INFO - \U0001f50d Processing: May 12
2025-04-22 08:38:02,422 - INFO - \U0001f7e1 May 12 - Already exists, 154 facts
2025-04-22 08:38:02,422 - INFO - \U0001f50d Processing: May 13
2025-04-22 08:38:02,422 - INFO - \U0001f7e1 May 13 - Already exists, 168 facts
2025-04-22 08:38:02,422 - INFO - \U0001f50d Processing: May 14
2025-04-22 08:38:02,422 - INFO - \U0001f7e1 May 14 - Already exists, 212 facts
2025-04-22 08:38:02,422 - INFO - \U0001f50d Processing: May 15
2025-04-22 08:38:02,422 - INFO - \U0001f7e1 May 15 - Already exists, 280 facts
2025-04-22 08:38:02,422 - INFO - \U0001f50d Processing: May 16
2025-04-22 08:38:02,422 - INFO - \U0001f7e1 May 16 - Already exists, 240 facts
2025-04-22 08:38:02,422 - INFO - \U0001f50d Processing: May 17
2025-04-22 08:38:02,422 - INFO - \U0001f7e1 May 17 - Already exists, 264 facts
2025-04-22 08:38:02,422 - INFO - \U0001f50d Processing: May 18
2025-04-22 08:38:02,422 - INFO - \U0001f7e1 May 18 - Already exists, 253 facts
2025-04-22 08:38:02,422 - INFO - \U0001f50d Processing: May 19
2025-04-22 08:38:02,422 - INFO - \U0001f7e1 May 19 - Already exists, 241 facts
2025-04-22 08:38:02,422 - INFO - \U0001f50d Processing: May 20
2025-04-22 08:38:02,422 - INFO - \U0001f7e1 May 20 - Already exists, 247 facts
2025-04-22 08:38:02,422 - INFO - \U0001f50d Processing: May 21
2025-04-22 08:38:02,422 - INFO - \U0001f7e1 May 21 - Already exists, 289 facts
2025-04-22 08:38:02,422 - INFO - \U0001f50d Processing: May 22
2025-04-22 08:38:02,422 - INFO - \U0001f7e1 May 22 - Already exists, 248 facts
2025-04-22 08:38:02,422 - INFO - \U0001f50d Processing: May 23
2025-04-22 08:38:02,442 - INFO - \U0001f7e1 May 23 - Already exists, 229 facts
2025-04-22 08:38:02,442 - INFO - \U0001f50d Processing: May 24
2025-04-22 08:38:02,444 - INFO - \U0001f7e1 May 24 - Already exists, 231 facts
2025-04-22 08:38:02,444 - INFO - \U0001f50d Processing: May 25
2025-04-22 08:38:02,445 - INFO - \U0001f7e1 May 25 - Already exists, 272 facts
2025-04-22 08:38:02,445 - INFO - \U0001f50d Processing: May 26
2025-04-22 08:38:02,445 - INFO - \U0001f7e1 May 26 - Already exists, 221 facts
2025-04-22 08:38:02,446 - INFO - \U0001f50d Processing: May 27
2025-04-22 08:38:02,446 - INFO - \U0001f7e1 May 27 - Already exists, 270 facts
2025-04-22 08:38:02,446 - INFO - \U0001f50d Processing: May 28
2025-04-22 08:38:02,446 - INFO - \U0001f7e1 May 28 - Already exists, 223 facts
2025-04-22 08:38:02,446 - INFO - \U0001f50d Processing: May 29
2025-04-22 08:38:02,446 - INFO - \U0001f7e1 May 29 - Already exists, 268 facts
2025-04-22 08:38:02,446 - INFO - \U0001f50d Processing: May 30
2025-04-22 08:38:02,446 - INFO - \U0001f7e1 May 30 - Already exists, 272 facts
2025-04-22 08:38:02,446 - INFO - \U0001f50d Processing: May 31
2025-04-22 08:38:02,446 - INFO - \U0001f7e1 May 31 - Already exists, 213 facts
2025-04-22 08:38:02,446 - INFO - \U0001f50d Processing: June 1
2025-04-22 08:38:02,446 - INFO - \U0001f7e1 June 1 - Already exists, 244 facts
2025-04-22 08:38:02,446 - INFO - \U0001f50d Processing: June 2
2025-04-22 08:38:02,446 - INFO - \U0001f7e1 June 2 - Already exists, 227 facts
2025-04-22 08:38:02,446 - INFO - \U0001f50d Processing: June 3
2025-04-22 08:38:02,446 - INFO - \U0001f7e1 June 3 - Already exists, 189 facts
2025-04-22 08:38:02,446 - INFO - \U0001f50d Processing: June 4
2025-04-22 08:38:02,453 - INFO - \U0001f7e1 June 4 - Already exists, 252 facts
2025-04-22 08:38:02,453 - INFO - \U0001f50d Processing: June 5
2025-04-22 08:38:02,453 - INFO - \U0001f7e1 June 5 - Already exists, 217 facts
2025-04-22 08:38:02,453 - INFO - \U0001f50d Processing: June 6
2025-04-22 08:38:02,453 - INFO - \U0001f7e1 June 6 - Already exists, 125 facts
2025-04-22 08:38:02,453 - INFO - \U0001f50d Processing: June 7
2025-04-22 08:38:02,453 - INFO - \U0001f7e1 June 7 - Already exists, 144 facts
2025-04-22 08:38:02,453 - INFO - \U0001f50d Processing: June 8
2025-04-22 08:38:02,462 - INFO - \U0001f7e1 June 8 - Already exists, 158 facts
2025-04-22 08:38:02,462 - INFO - \U0001f50d Processing: June 9
2025-04-22 08:38:02,462 - INFO - \U0001f7e1 June 9 - Already exists, 242 facts
2025-04-22 08:38:02,462 - INFO - \U0001f50d Processing: June 10
2025-04-22 08:38:02,462 - INFO - \U0001f7e1 June 10 - Already exists, 261 facts
2025-04-22 08:38:02,462 - INFO - \U0001f50d Processing: June 11
2025-04-22 08:38:02,464 - INFO - \U0001f7e1 June 11 - Already exists, 219 facts
2025-04-22 08:38:02,464 - INFO - \U0001f50d Processing: June 12
2025-04-22 08:38:02,465 - INFO - \U0001f7e1 June 12 - Already exists, 231 facts
2025-04-22 08:38:02,465 - INFO - \U0001f50d Processing: June 13
2025-04-22 08:38:02,466 - INFO - \U0001f7e1 June 13 - Already exists, 304 facts
2025-04-22 08:38:02,466 - INFO - \U0001f50d Processing: June 14
2025-04-22 08:38:02,466 - INFO - \U0001f7e1 June 14 - Already exists, 218 facts
2025-04-22 08:38:02,466 - INFO - \U0001f50d Processing: June 15
2025-04-22 08:38:02,466 - INFO - \U0001f7e1 June 15 - Already exists, 250 facts
2025-04-22 08:38:02,466 - INFO - \U0001f50d Processing: June 16
2025-04-22 08:38:02,466 - INFO - \U0001f7e1 June 16 - Already exists, 252 facts
2025-04-22 08:38:02,469 - INFO - \U0001f50d Processing: June 17
2025-04-22 08:38:02,470 - INFO - \U0001f7e1 June 17 - Already exists, 265 facts
2025-04-22 08:38:02,470 - INFO - \U0001f50d Processing: June 18
2025-04-22 08:38:02,470 - INFO - \U0001f7e1 June 18 - Already exists, 281 facts
2025-04-22 08:38:02,470 - INFO - \U0001f50d Processing: June 19
2025-04-22 08:38:02,470 - INFO - \U0001f7e1 June 19 - Already exists, 226 facts
2025-04-22 08:38:02,470 - INFO - \U0001f50d Processing: June 20
2025-04-22 08:38:02,470 - INFO - \U0001f7e1 June 20 - Already exists, 245 facts
2025-04-22 08:38:02,470 - INFO - \U0001f50d Processing: June 21
2025-04-22 08:38:02,470 - INFO - \U0001f7e1 June 21 - Already exists, 339 facts
2025-04-22 08:38:02,470 - INFO - \U0001f50d Processing: June 22
2025-04-22 08:38:02,470 - INFO - \U0001f7e1 June 22 - Already exists, 272 facts
2025-04-22 08:38:02,470 - INFO - \U0001f50d Processing: June 23
2025-04-22 08:38:02,470 - INFO - \U0001f7e1 June 23 - Already exists, 246 facts
2025-04-22 08:38:02,470 - INFO - \U0001f50d Processing: June 24
2025-04-22 08:38:02,470 - INFO - \U0001f7e1 June 24 - Already exists, 326 facts
2025-04-22 08:38:02,470 - INFO - \U0001f50d Processing: June 25
2025-04-22 08:38:02,470 - INFO - \U0001f7e1 June 25 - Already exists, 219 facts
2025-04-22 08:38:02,470 - INFO - \U0001f50d Processing: June 26
2025-04-22 08:38:02,470 - INFO - \U0001f7e1 June 26 - Already exists, 282 facts
2025-04-22 08:38:02,470 - INFO - \U0001f50d Processing: June 27
2025-04-22 08:38:02,470 - INFO - \U0001f7e1 June 27 - Already exists, 230 facts
2025-04-22 08:38:02,470 - INFO - \U0001f50d Processing: June 28
2025-04-22 08:38:02,483 - INFO - \U0001f7e1 June 28 - Already exists, 264 facts
2025-04-22 08:38:02,483 - INFO - \U0001f50d Processing: June 29
2025-04-22 08:38:02,483 - INFO - \U0001f7e1 June 29 - Already exists, 265 facts
2025-04-22 08:38:02,483 - INFO - \U0001f50d Processing: June 30
2025-04-22 08:38:02,485 - INFO - \U0001f7e1 June 30 - Already exists, 237 facts
2025-04-22 08:38:02,485 - INFO - \U0001f50d Processing: July 1
2025-04-22 08:38:02,485 - INFO - \U0001f7e1 July 1 - Already exists, 331 facts
2025-04-22 08:38:02,485 - INFO - \U0001f50d Processing: July 2
2025-04-22 08:38:02,485 - INFO - \U0001f7e1 July 2 - Already exists, 220 facts
2025-04-22 08:38:02,485 - INFO - \U0001f50d Processing: July 3
2025-04-22 08:38:02,485 - INFO - \U0001f7e1 July 3 - Already exists, 227 facts
2025-04-22 08:38:02,485 - INFO - \U0001f50d Processing: July 4
2025-04-22 08:38:02,485 - INFO - \U0001f7e1 July 4 - Already exists, 290 facts
2025-04-22 08:38:02,485 - INFO - \U0001f50d Processing: July 5
2025-04-22 08:38:02,485 - INFO - \U0001f7e1 July 5 - Already exists, 275 facts
2025-04-22 08:38:02,485 - INFO - \U0001f50d Processing: July 6
2025-04-22 08:38:02,485 - INFO - \U0001f7e1 July 6 - Already exists, 230 facts
2025-04-22 08:38:02,485 - INFO - \U0001f50d Processing: July 7
2025-04-22 08:38:02,485 - INFO - \U0001f7e1 July 7 - Already exists, 220 facts
2025-04-22 08:38:02,485 - INFO - \U0001f50d Processing: July 8
2025-04-22 08:38:02,485 - INFO - \U0001f7e1 July 8 - Already exists, 208 facts
2025-04-22 08:38:02,485 - INFO - \U0001f50d Processing: July 9
2025-04-22 08:38:02,485 - INFO - \U0001f7e1 July 9 - Already exists, 243 facts
2025-04-22 08:38:02,485 - INFO - \U0001f50d Processing: July 10
2025-04-22 08:38:02,485 - INFO - \U0001f7e1 July 10 - Already exists, 306 facts
2025-04-22 08:38:02,485 - INFO - \U0001f50d Processing: July 11
2025-04-22 08:38:02,485 - INFO - \U0001f7e1 July 11 - Already exists, 276 facts
2025-04-22 08:38:02,485 - INFO - \U0001f50d Processing: July 12
2025-04-22 08:38:02,485 - INFO - \U0001f7e1 July 12 - Already exists, 264 facts
2025-04-22 08:38:02,485 - INFO - \U0001f50d Processing: July 13
2025-04-22 08:38:02,501 - INFO - \U0001f7e1 July 13 - Already exists, 229 facts
2025-04-22 08:38:02,501 - INFO - \U0001f50d Processing: July 14
2025-04-22 08:38:02,501 - INFO - \U0001f7e1 July 14 - Already exists, 155 facts
2025-04-22 08:38:02,501 - INFO - \U0001f50d Processing: July 15
2025-04-22 08:38:02,510 - INFO - \U0001f7e1 July 15 - Already exists, 276 facts
2025-04-22 08:38:02,510 - INFO - \U0001f50d Processing: July 16
2025-04-22 08:38:02,511 - INFO - \U0001f7e1 July 16 - Already exists, 264 facts
2025-04-22 08:38:02,512 - INFO - \U0001f50d Processing: July 17
2025-04-22 08:38:02,512 - INFO - \U0001f7e1 July 17 - Already exists, 242 facts
2025-04-22 08:38:02,512 - INFO - \U0001f50d Processing: July 18
2025-04-22 08:38:02,512 - INFO - \U0001f7e1 July 18 - Already exists, 233 facts
2025-04-22 08:38:02,512 - INFO - \U0001f50d Processing: July 19
2025-04-22 08:38:02,512 - INFO - \U0001f7e1 July 19 - Already exists, 242 facts
2025-04-22 08:38:02,512 - INFO - \U0001f50d Processing: July 20
2025-04-22 08:38:02,512 - INFO - \U0001f7e1 July 20 - Already exists, 271 facts
2025-04-22 08:38:02,512 - INFO - \U0001f50d Processing: July 21
2025-04-22 08:38:02,512 - INFO - \U0001f7e1 July 21 - Already exists, 270 facts
2025-04-22 08:38:02,517 - INFO - \U0001f50d Processing: July 22
2025-04-22 08:38:02,517 - INFO - \U0001f7e1 July 22 - Already exists, 240 facts
2025-04-22 08:38:02,517 - INFO - \U0001f50d Processing: July 23
2025-04-22 08:38:02,517 - INFO - \U0001f7e1 July 23 - Already exists, 272 facts
2025-04-22 08:38:02,517 - INFO - \U0001f50d Processing: July 24
2025-04-22 08:38:02,517 - INFO - \U0001f7e1 July 24 - Already exists, 194 facts
2025-04-22 08:38:02,517 - INFO - \U0001f50d Processing: July 25
2025-04-22 08:38:02,517 - INFO - \U0001f7e1 July 25 - Already exists, 290 facts
2025-04-22 08:38:02,517 - INFO - \U0001f50d Processing: July 26
2025-04-22 08:38:02,517 - INFO - \U0001f7e1 July 26 - Already exists, 258 facts
2025-04-22 08:38:02,517 - INFO - \U0001f50d Processing: July 27
2025-04-22 08:38:02,517 - INFO - \U0001f7e1 July 27 - Already exists, 275 facts
2025-04-22 08:38:02,517 - INFO - \U0001f50d Processing: July 28
2025-04-22 08:38:02,517 - INFO - \U0001f7e1 July 28 - Already exists, 200 facts
2025-04-22 08:38:02,517 - INFO - \U0001f50d Processing: July 29
2025-04-22 08:38:02,517 - INFO - \U0001f7e1 July 29 - Already exists, 253 facts
2025-04-22 08:38:02,517 - INFO - \U0001f50d Processing: July 30
2025-04-22 08:38:02,517 - INFO - \U0001f7e1 July 30 - Already exists, 217 facts
2025-04-22 08:38:02,517 - INFO - \U0001f50d Processing: July 31
2025-04-22 08:38:02,517 - INFO - \U0001f7e1 July 31 - Already exists, 247 facts
2025-04-22 08:38:02,517 - INFO - \U0001f50d Processing: August 1
2025-04-22 08:38:02,517 - INFO - \U0001f7e1 August 1 - Already exists, 307 facts
2025-04-22 08:38:02,517 - INFO - \U0001f50d Processing: August 2
2025-04-22 08:38:02,517 - INFO - \U0001f7e1 August 2 - Already exists, 274 facts
2025-04-22 08:38:02,517 - INFO - \U0001f50d Processing: August 3
2025-04-22 08:38:02,532 - INFO - \U0001f7e1 August 3 - Already exists, 273 facts
2025-04-22 08:38:02,533 - INFO - \U0001f50d Processing: August 4
2025-04-22 08:38:02,533 - INFO - \U0001f7e1 August 4 - Already exists, 223 facts
2025-04-22 08:38:02,533 - INFO - \U0001f50d Processing: August 5
2025-04-22 08:38:02,533 - INFO - \U0001f7e1 August 5 - Already exists, 269 facts
2025-04-22 08:38:02,533 - INFO - \U0001f50d Processing: August 6
2025-04-22 08:38:02,533 - INFO - \U0001f7e1 August 6 - Already exists, 193 facts
2025-04-22 08:38:02,533 - INFO - \U0001f50d Processing: August 7
2025-04-22 08:38:02,533 - INFO - \U0001f7e1 August 7 - Already exists, 241 facts
2025-04-22 08:38:02,533 - INFO - \U0001f50d Processing: August 8
2025-04-22 08:38:02,533 - INFO - \U0001f7e1 August 8 - Already exists, 301 facts
2025-04-22 08:38:02,533 - INFO - \U0001f50d Processing: August 9
2025-04-22 08:38:02,533 - INFO - \U0001f7e1 August 9 - Already exists, 248 facts
2025-04-22 08:38:02,533 - INFO - \U0001f50d Processing: August 10
2025-04-22 08:38:02,533 - INFO - \U0001f7e1 August 10 - Already exists, 284 facts
2025-04-22 08:38:02,533 - INFO - \U0001f50d Processing: August 11
2025-04-22 08:38:02,533 - INFO - \U0001f7e1 August 11 - Already exists, 237 facts
2025-04-22 08:38:02,533 - INFO - \U0001f50d Processing: August 12
2025-04-22 08:38:02,533 - INFO - \U0001f7e1 August 12 - Already exists, 271 facts
2025-04-22 08:38:02,533 - INFO - \U0001f50d Processing: August 13
2025-04-22 08:38:02,533 - INFO - \U0001f7e1 August 13 - Already exists, 236 facts
2025-04-22 08:38:02,533 - INFO - \U0001f50d Processing: August 14
2025-04-22 08:38:02,533 - INFO - \U0001f7e1 August 14 - Already exists, 195 facts
2025-04-22 08:38:02,533 - INFO - \U0001f50d Processing: August 15
2025-04-22 08:38:02,533 - INFO - \U0001f7e1 August 15 - Already exists, 283 facts
2025-04-22 08:38:02,533 - INFO - \U0001f50d Processing: August 16
2025-04-22 08:38:02,533 - INFO - \U0001f7e1 August 16 - Already exists, 255 facts
2025-04-22 08:38:02,550 - INFO - \U0001f50d Processing: August 17
2025-04-22 08:38:02,550 - INFO - \U0001f7e1 August 17 - Already exists, 254 facts
2025-04-22 08:38:02,550 - INFO - \U0001f50d Processing: August 18
2025-04-22 08:38:02,550 - INFO - \U0001f7e1 August 18 - Already exists, 239 facts
2025-04-22 08:38:02,550 - INFO - \U0001f50d Processing: August 19
2025-04-22 08:38:02,550 - INFO - \U0001f7e1 August 19 - Already exists, 252 facts
2025-04-22 08:38:02,550 - INFO - \U0001f50d Processing: August 20
2025-04-22 08:38:02,558 - INFO - \U0001f7e1 August 20 - Already exists, 336 facts
2025-04-22 08:38:02,558 - INFO - \U0001f50d Processing: August 21
2025-04-22 08:38:02,558 - INFO - \U0001f7e1 August 21 - Already exists, 255 facts
2025-04-22 08:38:02,559 - INFO - \U0001f50d Processing: August 22
2025-04-22 08:38:02,559 - INFO - \U0001f7e1 August 22 - Already exists, 249 facts
2025-04-22 08:38:02,560 - INFO - \U0001f50d Processing: August 23
2025-04-22 08:38:02,561 - INFO - \U0001f7e1 August 23 - Already exists, 287 facts
2025-04-22 08:38:02,561 - INFO - \U0001f50d Processing: August 24
2025-04-22 08:38:02,561 - INFO - \U0001f7e1 August 24 - Already exists, 243 facts
2025-04-22 08:38:02,561 - INFO - \U0001f50d Processing: August 25
2025-04-22 08:38:02,561 - INFO - \U0001f7e1 August 25 - Already exists, 270 facts
2025-04-22 08:38:02,561 - INFO - \U0001f50d Processing: August 26
2025-04-22 08:38:02,561 - INFO - \U0001f7e1 August 26 - Already exists, 244 facts
2025-04-22 08:38:02,561 - INFO - \U0001f50d Processing: August 27
2025-04-22 08:38:02,565 - INFO - \U0001f7e1 August 27 - Already exists, 290 facts
2025-04-22 08:38:02,565 - INFO - \U0001f50d Processing: August 28
2025-04-22 08:38:02,565 - INFO - \U0001f7e1 August 28 - Already exists, 289 facts
2025-04-22 08:38:02,565 - INFO - \U0001f50d Processing: August 29
2025-04-22 08:38:02,565 - INFO - \U0001f7e1 August 29 - Already exists, 259 facts
2025-04-22 08:38:02,565 - INFO - \U0001f50d Processing: August 30
2025-04-22 08:38:02,565 - INFO - \U0001f7e1 August 30 - Already exists, 262 facts
2025-04-22 08:38:02,565 - INFO - \U0001f50d Processing: August 31
2025-04-22 08:38:02,565 - INFO - \U0001f7e1 August 31 - Already exists, 289 facts
2025-04-22 08:38:02,565 - INFO - \U0001f50d Processing: September 1
2025-04-22 08:38:02,574 - INFO - \U0001f7e1 September 1 - Already exists, 266 facts
2025-04-22 08:38:02,574 - INFO - \U0001f50d Processing: September 2
2025-04-22 08:38:02,574 - INFO - \U0001f7e1 September 2 - Already exists, 259 facts
2025-04-22 08:38:02,574 - INFO - \U0001f50d Processing: September 3
2025-04-22 08:38:02,575 - INFO - \U0001f7e1 September 3 - Already exists, 285 facts
2025-04-22 08:38:02,576 - INFO - \U0001f50d Processing: September 4
2025-04-22 08:38:02,576 - INFO - \U0001f7e1 September 4 - Already exists, 273 facts
2025-04-22 08:38:02,576 - INFO - \U0001f50d Processing: September 5
2025-04-22 08:38:02,576 - INFO - \U0001f7e1 September 5 - Already exists, 306 facts
2025-04-22 08:38:02,576 - INFO - \U0001f50d Processing: September 6
2025-04-22 08:38:02,576 - INFO - \U0001f7e1 September 6 - Already exists, 271 facts
2025-04-22 08:38:02,576 - INFO - \U0001f50d Processing: September 7
2025-04-22 08:38:02,576 - INFO - \U0001f7e1 September 7 - Already exists, 314 facts
2025-04-22 08:38:02,576 - INFO - \U0001f50d Processing: September 8
2025-04-22 08:38:02,576 - INFO - \U0001f7e1 September 8 - Already exists, 357 facts
2025-04-22 08:38:02,580 - INFO - \U0001f50d Processing: September 9
2025-04-22 08:38:02,583 - INFO - \U0001f7e1 September 9 - Already exists, 287 facts
2025-04-22 08:38:02,583 - INFO - \U0001f50d Processing: September 10
2025-04-22 08:38:02,583 - INFO - \U0001f7e1 September 10 - Already exists, 275 facts
2025-04-22 08:38:02,583 - INFO - \U0001f50d Processing: September 11
2025-04-22 08:38:02,583 - INFO - \U0001f7e1 September 11 - Already exists, 260 facts
2025-04-22 08:38:02,583 - INFO - \U0001f50d Processing: September 12
2025-04-22 08:38:02,588 - INFO - \U0001f7e1 September 12 - Already exists, 290 facts
2025-04-22 08:38:02,588 - INFO - \U0001f50d Processing: September 13
2025-04-22 08:38:02,588 - INFO - \U0001f7e1 September 13 - Already exists, 296 facts
2025-04-22 08:38:02,588 - INFO - \U0001f50d Processing: September 14
2025-04-22 08:38:02,588 - INFO - \U0001f7e1 September 14 - Already exists, 335 facts
2025-04-22 08:38:02,588 - INFO - \U0001f50d Processing: September 15
2025-04-22 08:38:02,588 - INFO - \U0001f7e1 September 15 - Already exists, 292 facts
2025-04-22 08:38:02,588 - INFO - \U0001f50d Processing: September 16
2025-04-22 08:38:02,588 - INFO - \U0001f7e1 September 16 - Already exists, 334 facts
2025-04-22 08:38:02,588 - INFO - \U0001f50d Processing: September 17
2025-04-22 08:38:02,588 - INFO - \U0001f7e1 September 17 - Already exists, 305 facts
2025-04-22 08:38:02,588 - INFO - \U0001f50d Processing: September 18
2025-04-22 08:38:02,588 - INFO - \U0001f7e1 September 18 - Already exists, 300 facts
2025-04-22 08:38:02,588 - INFO - \U0001f50d Processing: September 19
2025-04-22 08:38:02,588 - INFO - \U0001f7e1 September 19 - Already exists, 252 facts
2025-04-22 08:38:02,588 - INFO - \U0001f50d Processing: September 20
2025-04-22 08:38:02,588 - INFO - \U0001f7e1 September 20 - Already exists, 267 facts
2025-04-22 08:38:02,588 - INFO - \U0001f50d Processing: September 21
2025-04-22 08:38:02,596 - INFO - \U0001f7e1 September 21 - Already exists, 314 facts
2025-04-22 08:38:02,596 - INFO - \U0001f50d Processing: September 22
2025-04-22 08:38:02,596 - INFO - \U0001f7e1 September 22 - Already exists, 283 facts
2025-04-22 08:38:02,596 - INFO - \U0001f50d Processing: September 23
2025-04-22 08:38:02,596 - INFO - \U0001f7e1 September 23 - Already exists, 264 facts
2025-04-22 08:38:02,596 - INFO - \U0001f50d Processing: September 24
2025-04-22 08:38:02,596 - INFO - \U0001f7e1 September 24 - Already exists, 268 facts
2025-04-22 08:38:02,596 - INFO - \U0001f50d Processing: September 25
2025-04-22 08:38:02,596 - INFO - \U0001f7e1 September 25 - Already exists, 316 facts
2025-04-22 08:38:02,596 - INFO - \U0001f50d Processing: September 26
2025-04-22 08:38:02,596 - INFO - \U0001f7e1 September 26 - Already exists, 298 facts
2025-04-22 08:38:02,596 - INFO - \U0001f50d Processing: September 27
2025-04-22 08:38:02,596 - INFO - \U0001f7e1 September 27 - Already exists, 290 facts
2025-04-22 08:38:02,607 - INFO - \U0001f50d Processing: September 28
2025-04-22 08:38:02,607 - INFO - \U0001f7e1 September 28 - Already exists, 305 facts
2025-04-22 08:38:02,608 - INFO - \U0001f50d Processing: September 29
2025-04-22 08:38:02,608 - INFO - \U0001f7e1 September 29 - Already exists, 277 facts
2025-04-22 08:38:02,609 - INFO - \U0001f50d Processing: September 30
2025-04-22 08:38:02,609 - INFO - \U0001f7e1 September 30 - Already exists, 269 facts
2025-04-22 08:38:02,609 - INFO - \U0001f50d Processing: October 1
2025-04-22 08:38:02,609 - INFO - \U0001f7e1 October 1 - Already exists, 352 facts
2025-04-22 08:38:02,609 - INFO - \U0001f50d Processing: October 2
2025-04-22 08:38:02,612 - INFO - \U0001f7e1 October 2 - Already exists, 189 facts
2025-04-22 08:38:02,612 - INFO - \U0001f50d Processing: October 3
2025-04-22 08:38:02,612 - INFO - \U0001f7e1 October 3 - Already exists, 254 facts
2025-04-22 08:38:02,612 - INFO - \U0001f50d Processing: October 4
2025-04-22 08:38:02,612 - INFO - \U0001f7e1 October 4 - Already exists, 276 facts
2025-04-22 08:38:02,612 - INFO - \U0001f50d Processing: October 5
2025-04-22 08:38:02,612 - INFO - \U0001f7e1 October 5 - Already exists, 290 facts
2025-04-22 08:38:02,612 - INFO - \U0001f50d Processing: October 6
2025-04-22 08:38:02,612 - INFO - \U0001f7e1 October 6 - Already exists, 286 facts
2025-04-22 08:38:02,612 - INFO - \U0001f50d Processing: October 7
2025-04-22 08:38:02,612 - INFO - \U0001f7e1 October 7 - Already exists, 284 facts
2025-04-22 08:38:02,612 - INFO - \U0001f50d Processing: October 8
2025-04-22 08:38:02,612 - INFO - \U0001f7e1 October 8 - Already exists, 309 facts
2025-04-22 08:38:02,612 - INFO - \U0001f50d Processing: October 9
2025-04-22 08:38:02,612 - INFO - \U0001f7e1 October 9 - Already exists, 282 facts
2025-04-22 08:38:02,612 - INFO - \U0001f50d Processing: October 10
2025-04-22 08:38:02,612 - INFO - \U0001f7e1 October 10 - Already exists, 332 facts
2025-04-22 08:38:02,612 - INFO - \U0001f50d Processing: October 11
2025-04-22 08:38:02,612 - INFO - \U0001f7e1 October 11 - Already exists, 267 facts
2025-04-22 08:38:02,612 - INFO - \U0001f50d Processing: October 12
2025-04-22 08:38:02,612 - INFO - \U0001f7e1 October 12 - Already exists, 292 facts
2025-04-22 08:38:02,612 - INFO - \U0001f50d Processing: October 13
2025-04-22 08:38:02,612 - INFO - \U0001f7e1 October 13 - Already exists, 236 facts
2025-04-22 08:38:02,627 - INFO - \U0001f50d Processing: October 14
2025-04-22 08:38:02,627 - INFO - \U0001f7e1 October 14 - Already exists, 269 facts
2025-04-22 08:38:02,627 - INFO - \U0001f50d Processing: October 15
2025-04-22 08:38:02,627 - INFO - \U0001f7e1 October 15 - Already exists, 272 facts
2025-04-22 08:38:02,627 - INFO - \U0001f50d Processing: October 16
2025-04-22 08:38:02,627 - INFO - \U0001f7e1 October 16 - Already exists, 288 facts
2025-04-22 08:38:02,627 - INFO - \U0001f50d Processing: October 17
2025-04-22 08:38:02,627 - INFO - \U0001f7e1 October 17 - Already exists, 409 facts
2025-04-22 08:38:02,627 - INFO - \U0001f50d Processing: October 18
2025-04-22 08:38:02,627 - INFO - \U0001f7e1 October 18 - Already exists, 284 facts
2025-04-22 08:38:02,627 - INFO - \U0001f50d Processing: October 19
2025-04-22 08:38:02,627 - INFO - \U0001f7e1 October 19 - Already exists, 280 facts
2025-04-22 08:38:02,627 - INFO - \U0001f50d Processing: October 20
2025-04-22 08:38:02,627 - INFO - \U0001f7e1 October 20 - Already exists, 273 facts
2025-04-22 08:38:02,627 - INFO - \U0001f50d Processing: October 21
2025-04-22 08:38:02,627 - INFO - \U0001f7e1 October 21 - Already exists, 275 facts
2025-04-22 08:38:02,627 - INFO - \U0001f50d Processing: October 22
2025-04-22 08:38:02,627 - INFO - \U0001f7e1 October 22 - Already exists, 283 facts
2025-04-22 08:38:02,627 - INFO - \U0001f50d Processing: October 23
2025-04-22 08:38:02,627 - INFO - \U0001f7e1 October 23 - Already exists, 310 facts
2025-04-22 08:38:02,627 - INFO - \U0001f50d Processing: October 24
2025-04-22 08:38:02,627 - INFO - \U0001f7e1 October 24 - Already exists, 355 facts
2025-04-22 08:38:02,627 - INFO - \U0001f50d Processing: October 25
2025-04-22 08:38:02,643 - INFO - \U0001f7e1 October 25 - Already exists, 463 facts
2025-04-22 08:38:02,643 - INFO - \U0001f50d Processing: October 26
2025-04-22 08:38:02,643 - INFO - \U0001f7e1 October 26 - Already exists, 266 facts
2025-04-22 08:38:02,643 - INFO - \U0001f50d Processing: October 27
2025-04-22 08:38:02,643 - INFO - \U0001f7e1 October 27 - Already exists, 272 facts
2025-04-22 08:38:02,643 - INFO - \U0001f50d Processing: October 28
2025-04-22 08:38:02,643 - INFO - \U0001f7e1 October 28 - Already exists, 274 facts
2025-04-22 08:38:02,643 - INFO - \U0001f50d Processing: October 29
2025-04-22 08:38:02,643 - INFO - \U0001f7e1 October 29 - Already exists, 261 facts
2025-04-22 08:38:02,643 - INFO - \U0001f50d Processing: October 30
2025-04-22 08:38:02,643 - INFO - \U0001f7e1 October 30 - Already exists, 282 facts
2025-04-22 08:38:02,643 - INFO - \U0001f50d Processing: October 31
2025-04-22 08:38:02,643 - INFO - \U0001f7e1 October 31 - Already exists, 275 facts
2025-04-22 08:38:02,643 - INFO - \U0001f50d Processing: November 1
2025-04-22 08:38:02,643 - INFO - \U0001f7e1 November 1 - Already exists, 303 facts
2025-04-22 08:38:02,643 - INFO - \U0001f50d Processing: November 2
2025-04-22 08:38:02,643 - INFO - \U0001f7e1 November 2 - Already exists, 208 facts
2025-04-22 08:38:02,643 - INFO - \U0001f50d Processing: November 3
2025-04-22 08:38:02,643 - INFO - \U0001f7e1 November 3 - Already exists, 316 facts
2025-04-22 08:38:02,643 - INFO - \U0001f50d Processing: November 4
2025-04-22 08:38:02,662 - INFO - \U0001f7e1 November 4 - Already exists, 242 facts
2025-04-22 08:38:02,662 - INFO - \U0001f50d Processing: November 5
2025-04-22 08:38:02,663 - INFO - \U0001f7e1 November 5 - Already exists, 267 facts
2025-04-22 08:38:02,663 - INFO - \U0001f50d Processing: November 6
2025-04-22 08:38:02,664 - INFO - \U0001f7e1 November 6 - Already exists, 129 facts
2025-04-22 08:38:02,664 - INFO - \U0001f50d Processing: November 7
2025-04-22 08:38:02,665 - INFO - \U0001f7e1 November 7 - Already exists, 317 facts
2025-04-22 08:38:02,665 - INFO - \U0001f50d Processing: November 8
2025-04-22 08:38:02,666 - INFO - \U0001f7e1 November 8 - Already exists, 298 facts
2025-04-22 08:38:02,666 - INFO - \U0001f50d Processing: November 9
2025-04-22 08:38:02,667 - INFO - \U0001f7e1 November 9 - Already exists, 257 facts
2025-04-22 08:38:02,667 - INFO - \U0001f50d Processing: November 10
2025-04-22 08:38:02,667 - INFO - \U0001f7e1 November 10 - Already exists, 316 facts
2025-04-22 08:38:02,667 - INFO - \U0001f50d Processing: November 11
2025-04-22 08:38:02,667 - INFO - \U0001f7e1 November 11 - Already exists, 264 facts
2025-04-22 08:38:02,667 - INFO - \U0001f50d Processing: November 12
2025-04-22 08:38:02,667 - INFO - \U0001f7e1 November 12 - Already exists, 236 facts
2025-04-22 08:38:02,667 - INFO - \U0001f50d Processing: November 13
2025-04-22 08:38:02,667 - INFO - \U0001f7e1 November 13 - Already exists, 235 facts
2025-04-22 08:38:02,667 - INFO - \U0001f50d Processing: November 14
2025-04-22 08:38:02,667 - INFO - \U0001f7e1 November 14 - Already exists, 261 facts
2025-04-22 08:38:02,667 - INFO - \U0001f50d Processing: November 15
2025-04-22 08:38:02,667 - INFO - \U0001f7e1 November 15 - Already exists, 275 facts
2025-04-22 08:38:02,667 - INFO - \U0001f50d Processing: November 16
2025-04-22 08:38:02,667 - INFO - \U0001f7e1 November 16 - Already exists, 256 facts
2025-04-22 08:38:02,667 - INFO - \U0001f50d Processing: November 17
2025-04-22 08:38:02,667 - INFO - \U0001f7e1 November 17 - Already exists, 283 facts
2025-04-22 08:38:02,667 - INFO - \U0001f50d Processing: November 18
2025-04-22 08:38:02,667 - INFO - \U0001f7e1 November 18 - Already exists, 272 facts
2025-04-22 08:38:02,667 - INFO - \U0001f50d Processing: November 19
2025-04-22 08:38:02,667 - INFO - \U0001f7e1 November 19 - Already exists, 283 facts
2025-04-22 08:38:02,667 - INFO - \U0001f50d Processing: November 20
2025-04-22 08:38:02,667 - INFO - \U0001f7e1 November 20 - Already exists, 533 facts
2025-04-22 08:38:02,667 - INFO - \U0001f50d Processing: November 21
2025-04-22 08:38:02,667 - INFO - \U0001f7e1 November 21 - Already exists, 249 facts
2025-04-22 08:38:02,667 - INFO - \U0001f50d Processing: November 22
2025-04-22 08:38:02,667 - INFO - \U0001f7e1 November 22 - Already exists, 242 facts
2025-04-22 08:38:02,667 - INFO - \U0001f50d Processing: November 23
2025-04-22 08:38:02,667 - INFO - \U0001f7e1 November 23 - Already exists, 255 facts
2025-04-22 08:38:02,667 - INFO - \U0001f50d Processing: November 24
2025-04-22 08:38:02,667 - INFO - \U0001f7e1 November 24 - Already exists, 267 facts
2025-04-22 08:38:02,667 - INFO - \U0001f50d Processing: November 25
2025-04-22 08:38:02,667 - INFO - \U0001f7e1 November 25 - Already exists, 256 facts
2025-04-22 08:38:02,667 - INFO - \U0001f50d Processing: November 26
2025-04-22 08:38:02,667 - INFO - \U0001f7e1 November 26 - Already exists, 282 facts
2025-04-22 08:38:02,667 - INFO - \U0001f50d Processing: November 27
2025-04-22 08:38:02,683 - INFO - \U0001f7e1 November 27 - Already exists, 279 facts
2025-04-22 08:38:02,683 - INFO - \U0001f50d Processing: November 28
2025-04-22 08:38:02,683 - INFO - \U0001f7e1 November 28 - Already exists, 264 facts
2025-04-22 08:38:02,683 - INFO - \U0001f50d Processing: November 29
2025-04-22 08:38:02,683 - INFO - \U0001f7e1 November 29 - Already exists, 241 facts
2025-04-22 08:38:02,683 - INFO - \U0001f50d Processing: November 30
2025-04-22 08:38:02,683 - INFO - \U0001f7e1 November 30 - Already exists, 272 facts
2025-04-22 08:38:02,683 - INFO - \U0001f50d Processing: December 1
2025-04-22 08:38:02,683 - INFO - \U0001f7e1 December 1 - Already exists, 282 facts
2025-04-22 08:38:02,683 - INFO - \U0001f50d Processing: December 2
2025-04-22 08:38:02,683 - INFO - \U0001f7e1 December 2 - Already exists, 260 facts
2025-04-22 08:38:02,683 - INFO - \U0001f50d Processing: December 3
2025-04-22 08:38:02,683 - INFO - \U0001f7e1 December 3 - Already exists, 261 facts
2025-04-22 08:38:02,683 - INFO - \U0001f50d Processing: December 4
2025-04-22 08:38:02,683 - INFO - \U0001f7e1 December 4 - Already exists, 238 facts
2025-04-22 08:38:02,683 - INFO - \U0001f50d Processing: December 5
2025-04-22 08:38:02,683 - INFO - \U0001f7e1 December 5 - Already exists, 277 facts
2025-04-22 08:38:02,683 - INFO - \U0001f50d Processing: December 6
2025-04-22 08:38:02,683 - INFO - \U0001f7e1 December 6 - Already exists, 270 facts
2025-04-22 08:38:02,683 - INFO - \U0001f50d Processing: December 7
2025-04-22 08:38:02,683 - INFO - \U0001f7e1 December 7 - Already exists, 240 facts
2025-04-22 08:38:02,683 - INFO - \U0001f50d Processing: December 8
2025-04-22 08:38:02,683 - INFO - \U0001f7e1 December 8 - Already exists, 306 facts
2025-04-22 08:38:02,683 - INFO - \U0001f50d Processing: December 9
2025-04-22 08:38:02,698 - INFO - \U0001f7e1 December 9 - Already exists, 294 facts
2025-04-22 08:38:02,703 - INFO - \U0001f50d Processing: December 10
2025-04-22 08:38:02,704 - INFO - \U0001f7e1 December 10 - Already exists, 241 facts
2025-04-22 08:38:02,704 - INFO - \U0001f50d Processing: December 11
2025-04-22 08:38:02,705 - INFO - \U0001f7e1 December 11 - Already exists, 254 facts
2025-04-22 08:38:02,705 - INFO - \U0001f50d Processing: December 12
2025-04-22 08:38:02,705 - INFO - \U0001f7e1 December 12 - Already exists, 151 facts
2025-04-22 08:38:02,706 - INFO - \U0001f50d Processing: December 13
2025-04-22 08:38:02,706 - INFO - \U0001f7e1 December 13 - Already exists, 151 facts
2025-04-22 08:38:02,706 - INFO - \U0001f50d Processing: December 14
2025-04-22 08:38:02,707 - INFO - \U0001f7e1 December 14 - Already exists, 269 facts
2025-04-22 08:38:02,707 - INFO - \U0001f50d Processing: December 15
2025-04-22 08:38:02,708 - INFO - \U0001f7e1 December 15 - Already exists, 238 facts
2025-04-22 08:38:02,708 - INFO - \U0001f50d Processing: December 16
2025-04-22 08:38:02,709 - INFO - \U0001f7e1 December 16 - Already exists, 258 facts
2025-04-22 08:38:02,709 - INFO - \U0001f50d Processing: December 17
2025-04-22 08:38:02,709 - INFO - \U0001f7e1 December 17 - Already exists, 285 facts
2025-04-22 08:38:02,710 - INFO - \U0001f50d Processing: December 18
2025-04-22 08:38:02,710 - INFO - \U0001f7e1 December 18 - Already exists, 242 facts
2025-04-22 08:38:02,710 - INFO - \U0001f50d Processing: December 19
2025-04-22 08:38:02,711 - INFO - \U0001f7e1 December 19 - Already exists, 263 facts
2025-04-22 08:38:02,711 - INFO - \U0001f50d Processing: December 20
2025-04-22 08:38:02,712 - INFO - \U0001f7e1 December 20 - Already exists, 199 facts
2025-04-22 08:38:02,712 - INFO - \U0001f50d Processing: December 21
2025-04-22 08:38:02,712 - INFO - \U0001f7e1 December 21 - Already exists, 207 facts
2025-04-22 08:38:02,713 - INFO - \U0001f50d Processing: December 22
2025-04-22 08:38:02,713 - INFO - \U0001f7e1 December 22 - Already exists, 263 facts
2025-04-22 08:38:02,713 - INFO - \U0001f50d Processing: December 23
2025-04-22 08:38:02,713 - INFO - \U0001f7e1 December 23 - Already exists, 262 facts
2025-04-22 08:38:02,713 - INFO - \U0001f50d Processing: December 24
2025-04-22 08:38:02,713 - INFO - \U0001f7e1 December 24 - Already exists, 244 facts
2025-04-22 08:38:02,713 - INFO - \U0001f50d Processing: December 25
2025-04-22 08:38:02,713 - INFO - \U0001f7e1 December 25 - Already exists, 283 facts
2025-04-22 08:38:02,713 - INFO - \U0001f50d Processing: December 26
2025-04-22 08:38:02,713 - INFO - \U0001f7e1 December 26 - Already exists, 232 facts
2025-04-22 08:38:02,713 - INFO - \U0001f50d Processing: December 27
2025-04-22 08:38:02,713 - INFO - \U0001f7e1 December 27 - Already exists, 260 facts
2025-04-22 08:38:02,713 - INFO - \U0001f50d Processing: December 28
2025-04-22 08:38:02,713 - INFO - \U0001f7e1 December 28 - Already exists, 230 facts
2025-04-22 08:38:02,713 - INFO - \U0001f50d Processing: December 29
2025-04-22 08:38:02,713 - INFO - \U0001f7e1 December 29 - Already exists, 195 facts
2025-04-22 08:38:02,713 - INFO - \U0001f50d Processing: December 30
2025-04-22 08:38:02,713 - INFO - \U0001f7e1 December 30 - Already exists, 250 facts
2025-04-22 08:38:02,713 - INFO - \U0001f50d Processing: December 31
2025-04-22 08:38:02,713 - INFO - \U0001f7e1 December 31 - Already exists, 259 facts
2025-04-22 08:38:02,713 - INFO - \U0001f389 Done! Summary written to: C:\Users\tmulrenan\Desktop\Factbook Project\facts\unsorted\fetch_summary.txt
